<?xml version="1.0" encoding="UTF-8"?>
<testsuite xmlns:xsi="http://www.w3.org/2001/XMLSchema-instance" xsi:noNamespaceSchemaLocation="https://maven.apache.org/surefire/maven-surefire-plugin/xsd/surefire-test-report.xsd" name="TestSuite" time="93.549" tests="22" errors="0" skipped="0" failures="1">
  <properties>
[...]
</properties>
  <testcase name="clickOnBirthdayDate" classname="search.TestHomeClick" time="0.121"/>
  <testcase name="clickOnBirthdayMonth" classname="search.TestHomeClick" time="0.017"/>
  <testcase name="clickOnBirthdayYear" classname="search.TestHomeClick" time="0.014"/>
  <testcase name="clickOnFemalePointer" classname="search.TestHomeClick" time="0.015"/>
  <testcase name="clickOnFemaleWord" classname="search.TestHomeClick" time="0.069"/>
  <testcase name="clickOnLogUpButton" classname="search.TestHomeClick" time="0.012"/>
  <testcase name="clickOnLoginButton" classname="search.TestHomeClick" time="0.733"/>
  <testcase name="clickOnMalePointer" classname="search.TestHomeClick" time="10.057">
    <failure message="no such element: Unable to locate element: {&quot;method&quot;:&quot;css selector&quot;,&quot;selector&quot;:&quot;#u_0_7&quot;}&#10;  (Session info: chrome=69.0.3497.100)&#10;  (Driver info: chromedriver=2.42.591059 (a3d9684d10d61aa0c45f6723b327283be1ebaad8),platform=Mac OS X 10.13.6 x86_64) (WARNING: The server did not provide any stacktrace information)&#10;Command duration or timeout: 0 milliseconds&#10;For documentation on this error, please visit: http://seleniumhq.org/exceptions/no_such_element.html&#10;Build info: version: &apos;3.14.0&apos;, revision: &apos;aacccce0&apos;, time: &apos;2018-08-02T20:19:58.91Z&apos;&#10;System info: host: &apos;Uzzals-MacBook-Pro.local&apos;, ip: &apos;fe80:0:0:0:4ef:bcc3:1980:4a12%en0&apos;, os.name: &apos;Mac OS X&apos;, os.arch: &apos;x86_64&apos;, os.version: &apos;10.13.6&apos;, java.version: &apos;10.0.1&apos;&#10;Driver info: org.openqa.selenium.chrome.ChromeDriver&#10;Capabilities {acceptInsecureCerts: false, acceptSslCerts: false, applicationCacheEnabled: false, browserConnectionEnabled: false, browserName: chrome, chrome: {chromedriverVersion: 2.42.591059 (a3d9684d10d61a..., userDataDir: /var/folders/mp/q48t92j91dz...}, cssSelectorsEnabled: true, databaseEnabled: false, goog:chromeOptions: {debuggerAddress: localhost:62313}, handlesAlerts: true, hasTouchScreen: false, javascriptEnabled: true, locationContextEnabled: true, mobileEmulationEnabled: false, nativeEvents: true, networkConnectionEnabled: false, pageLoadStrategy: normal, platform: MAC, platformName: MAC, rotatable: false, setWindowRect: true, takesHeapSnapshot: true, takesScreenshot: true, unexpectedAlertBehaviour: , unhandledPromptBehavior: , version: 69.0.3497.100, webStorageEnabled: true}&#10;Session ID: 8d6420ff82fa460c0fcb19c38fed6d4d&#10;*** Element info: {Using=css selector, value=#u_0_7}" type="org.openqa.selenium.NoSuchElementException">org.openqa.selenium.NoSuchElementException: 
no such element: Unable to locate element: {"method":"css selector","selector":"#u_0_7"}
  (Session info: chrome=69.0.3497.100)
  (Driver info: chromedriver=2.42.591059 (a3d9684d10d61aa0c45f6723b327283be1ebaad8),platform=Mac OS X 10.13.6 x86_64) (WARNING: The server did not provide any stacktrace information)
Command duration or timeout: 0 milliseconds
For documentation on this error, please visit: http://seleniumhq.org/exceptions/no_such_element.html
Build info: version: '3.14.0', revision: 'aacccce0', time: '2018-08-02T20:19:58.91Z'
System info: host: 'Uzzals-MacBook-Pro.local', ip: 'fe80:0:0:0:4ef:bcc3:1980:4a12%en0', os.name: 'Mac OS X', os.arch: 'x86_64', os.version: '10.13.6', java.version: '10.0.1'
Driver info: org.openqa.selenium.chrome.ChromeDriver
Capabilities {acceptInsecureCerts: false, acceptSslCerts: false, applicationCacheEnabled: false, browserConnectionEnabled: false, browserName: chrome, chrome: {chromedriverVersion: 2.42.591059 (a3d9684d10d61a..., userDataDir: /var/folders/mp/q48t92j91dz...}, cssSelectorsEnabled: true, databaseEnabled: false, goog:chromeOptions: {debuggerAddress: localhost:62313}, handlesAlerts: true, hasTouchScreen: false, javascriptEnabled: true, locationContextEnabled: true, mobileEmulationEnabled: false, nativeEvents: true, networkConnectionEnabled: false, pageLoadStrategy: normal, platform: MAC, platformName: MAC, rotatable: false, setWindowRect: true, takesHeapSnapshot: true, takesScreenshot: true, unexpectedAlertBehaviour: , unhandledPromptBehavior: , version: 69.0.3497.100, webStorageEnabled: true}
Session ID: 8d6420ff82fa460c0fcb19c38fed6d4d
*** Element info: {Using=css selector, value=#u_0_7}
	at search.TestHomeClick.clickOnMalePointer(TestHomeClick.java:35)
</failure>
    <system-err><![CDATA[Starting ChromeDriver 2.42.591059 (a3d9684d10d61aa0c45f6723b327283be1ebaad8) on port 47218
Only local connections are allowed.
Sep 20, 2018 9:25:00 PM org.openqa.selenium.remote.ProtocolHandshake createSession
INFO: Detected dialect: OSS
]]></system-err>
  </testcase>
  <testcase name="clickOnMaleWord" classname="search.TestHomeClick" time="0.08"/>
  <testcase name="logIn1" classname="search.TestHomeLogIn" time="0.99"/>
  <testcase name="logIn2" classname="search.TestHomeLogIn" time="0.835"/>
  <testcase name="logIn3" classname="search.TestHomeLogIn" time="0.971"/>
  <testcase name="logIn4" classname="search.TestHomeLogIn" time="1.09"/>
  <testcase name="logIn5" classname="search.TestHomeLogIn" time="0.905"/>
  <testcase name="logIn6" classname="search.TestHomeLogIn" time="0.76"/>
  <testcase name="logInFB" classname="search.TestHomeLogIn" time="1.12"/>
  <testcase name="openFacebookBrowser" classname="search.TestHomeLogIn" time="0"/>
  <testcase name="enterEmailAddress" classname="search.TestHomePageInputData" time="5.941"/>
  <testcase name="enterFirstNameBox" classname="search.TestHomePageInputData" time="0.137"/>
  <testcase name="enterLastNameBox" classname="search.TestHomePageInputData" time="0.141"/>
  <testcase name="insertPhoneNumber" classname="search.TestHomePageInputData" time="0.159"/>
  <testcase name="openFacebookBrowser" classname="search.TestHomePageInputData" time="5.006"/>
</testsuite>